[2024-06-13 18:27:52] install.log.INFO: Starting Server Checks [] []
[2024-06-13 18:27:52] install.log.INFO: Checking XML Parsing [] []
[2024-06-13 18:27:52] install.log.INFO: XML Parser Libraries Found [] []
[2024-06-13 18:27:52] install.log.INFO: Checking Upload File Size [] []
[2024-06-13 18:27:52] install.log.INFO: Upload File Size:40M [] []
[2024-06-13 18:27:52] install.log.INFO: Upload File Size more than 6291456 [] []
[2024-06-13 18:27:52] install.log.INFO: Checking PCRE Library [] []
[2024-06-13 18:27:52] install.log.INFO: PCRE Library Exists [] []
[2024-06-13 18:27:52] install.log.INFO: Checking for GD Library [] []
[2024-06-13 18:27:52] install.log.INFO: GD Library Found [] []
[2024-06-13 18:27:52] install.log.INFO: Checking required loaded extensions [] []
[2024-06-13 18:27:52] install.log.INFO: Checking if intl exists in loaded extensions [] []
[2024-06-13 18:27:52] install.log.INFO: intl found in loaded extensions [] []
[2024-06-13 18:27:52] install.log.INFO: Checking if curl exists in loaded extensions [] []
[2024-06-13 18:27:52] install.log.INFO: curl found in loaded extensions [] []
[2024-06-13 18:27:52] install.log.INFO: Checking if json exists in loaded extensions [] []
[2024-06-13 18:27:52] install.log.INFO: json found in loaded extensions [] []
[2024-06-13 18:27:52] install.log.INFO: Checking if gd exists in loaded extensions [] []
[2024-06-13 18:27:52] install.log.INFO: gd found in loaded extensions [] []
[2024-06-13 18:27:52] install.log.INFO: Checking if mbstring exists in loaded extensions [] []
[2024-06-13 18:27:52] install.log.INFO: mbstring found in loaded extensions [] []
[2024-06-13 18:27:52] install.log.INFO: Checking if mysqli exists in loaded extensions [] []
[2024-06-13 18:27:52] install.log.INFO: mysqli found in loaded extensions [] []
[2024-06-13 18:27:52] install.log.INFO: Checking if pdo_mysql exists in loaded extensions [] []
[2024-06-13 18:27:52] install.log.INFO: pdo_mysql found in loaded extensions [] []
[2024-06-13 18:27:52] install.log.INFO: Checking if openssl exists in loaded extensions [] []
[2024-06-13 18:27:52] install.log.INFO: openssl found in loaded extensions [] []
[2024-06-13 18:27:52] install.log.INFO: Checking if soap exists in loaded extensions [] []
[2024-06-13 18:27:52] install.log.INFO: soap found in loaded extensions [] []
[2024-06-13 18:27:52] install.log.INFO: Checking if xml exists in loaded extensions [] []
[2024-06-13 18:27:52] install.log.INFO: xml found in loaded extensions [] []
[2024-06-13 18:27:52] install.log.INFO: Checking if zip exists in loaded extensions [] []
[2024-06-13 18:27:52] install.log.INFO: zip found in loaded extensions [] []
[2024-06-13 18:27:52] install.log.INFO: Starting PHP Checks [] []
[2024-06-13 18:27:52] install.log.INFO: Checking PHP Version [] []
[2024-06-13 18:27:52] install.log.INFO: PHP Version Compatible:8.2.20 [] []
[2024-06-13 18:27:52] install.log.INFO: Checking PHP Memory Limit [] []
[2024-06-13 18:27:52] install.log.INFO: PHP Memory Limit is above minimum. [] []
[2024-06-13 18:27:52] install.log.INFO: Checking does Sushosin allow to use upload [] []
[2024-06-13 18:27:52] install.log.INFO: Sushosin allows use of Upload [] []
[2024-06-13 18:27:52] install.log.INFO: Running Permission Checks [] []
[2024-06-13 18:27:52] install.log.INFO: Checking if Custom Dir is writable [] []
[2024-06-13 18:27:52] install.log.INFO: Custom Dir is writable [] []
[2024-06-13 18:27:52] install.log.INFO: Checking if Upload Dir is Writable [] []
[2024-06-13 18:27:52] install.log.INFO: Upload Dir is writable [] []
[2024-06-13 18:27:52] install.log.INFO: Checking Legacy Cache Sub Dirs are writable [] []
[2024-06-13 18:27:52] install.log.INFO: Checking if  is writable [] []
[2024-06-13 18:27:52] install.log.INFO: Checking if images is writable [] []
[2024-06-13 18:27:52] install.log.INFO: Checking if layout is writable [] []
[2024-06-13 18:27:52] install.log.INFO: Checking if pdf is writable [] []
[2024-06-13 18:27:52] install.log.INFO: Checking if xml is writable [] []
[2024-06-13 18:27:52] install.log.INFO: Checking if include/javascript is writable [] []
[2024-06-13 18:27:52] install.log.INFO: All Cache Sub Dirs writable [] []
[2024-06-13 18:27:52] install.log.INFO: Checking if config.php is writable [] []
[2024-06-13 18:27:52] install.log.ERROR: Your config.php does not exist. This will be created on install.Path Checked: legacy/config.php [] []
[2024-06-13 18:27:52] install.log.INFO: Checking MB Module Strings [] []
[2024-06-13 18:27:52] install.log.INFO: mbstrings found [] []
[2024-06-13 18:27:52] install.log.INFO: Checking if Sub Dir files are writable [] []
[2024-06-13 18:27:52] install.log.INFO: Checking logs is writable [] []
[2024-06-13 18:27:52] install.log.INFO: logs exists and is writable [] []
[2024-06-13 18:27:52] install.log.INFO: Checking cache is writable [] []
[2024-06-13 18:27:52] install.log.INFO: cache exists and is writable [] []
[2024-06-13 18:27:52] install.log.INFO: Checking extensions is writable [] []
[2024-06-13 18:27:52] install.log.INFO: extensions exists and is writable [] []
[2024-06-13 18:27:52] install.log.INFO: .env exists or is writable [] []
[2024-06-13 18:27:52] install.log.INFO: Checking secrets is writable [] []
[2024-06-13 18:27:52] install.log.INFO: secrets exists and is writable [] []
[2024-06-13 18:27:52] install.log.INFO: Checking optional loaded extensions [] []
[2024-06-13 18:27:52] install.log.INFO: Checking if imap exists in loaded extensions [] []
[2024-06-13 18:27:52] install.log.INFO: Checking if ldap exists in loaded extensions [] []
[2024-06-13 18:27:52] install.log.INFO: Running curl for SuiteCRM Main Page [] []
[2024-06-13 18:27:53] install.log.INFO: Running curl to get SuiteCRM Instance main page. [] []
[2024-06-13 18:27:59] install.log.INFO: Successfully got SuiteCRM instance main page [] []
[2024-06-13 18:27:59] install.log.INFO:  [] []
[2024-06-13 18:27:59] install.log.INFO: Running curl for Api [] []
[2024-06-13 18:27:59] install.log.INFO: Calling Graphql api [] []
[2024-06-13 18:28:00] install.log.INFO:  [] []
[2024-06-13 18:28:11] install.INFO: Running step: check-route-access [] []
[2024-06-13 18:28:11] install.log.INFO: Running curl for SuiteCRM Main Page [] []
[2024-06-13 18:28:11] install.log.INFO: Running curl to get SuiteCRM Instance main page. [] []
[2024-06-13 18:28:12] install.log.INFO: Successfully got SuiteCRM instance main page [] []
[2024-06-13 18:28:12] install.log.INFO:  [] []
[2024-06-13 18:28:12] install.log.INFO: Running curl for Api [] []
[2024-06-13 18:28:12] install.log.INFO: Calling Graphql api [] []
[2024-06-13 18:28:13] install.log.INFO:  [] []
[2024-06-13 18:28:13] install.INFO: step: check-route-access | status: done [] []
[2024-06-13 18:28:13] install.INFO: step: check-route-access | messages: no messages [] []
[2024-06-13 18:28:13] install.INFO: step: check-route-access | debug: no debug info [] []
[2024-06-13 18:28:13] install.INFO: Running step: check-install-lock [] []
[2024-06-13 18:28:13] install.INFO: step: check-install-lock | status: done [] []
[2024-06-13 18:28:13] install.INFO: step: check-install-lock | messages: [] []
[2024-06-13 18:28:13] install.INFO: Installer not locked. Proceeding with install [] []
[2024-06-13 18:28:13] install.INFO: step: check-install-lock | debug: no debug info [] []
[2024-06-13 18:28:13] install.INFO: Running step: check-db-connection [] []
[2024-06-13 18:28:13] install.INFO: step: check-db-connection | status: done [] []
[2024-06-13 18:28:13] install.INFO: step: check-db-connection | messages: [] []
[2024-06-13 18:28:13] install.INFO: DB credentials ok [] []
[2024-06-13 18:28:13] install.INFO: step: check-db-connection | debug: no debug info [] []
[2024-06-13 18:28:13] install.INFO: Running step: install-system-checks [] []
[2024-06-13 18:28:16] install.INFO: step: install-system-checks | status: done [] []
[2024-06-13 18:28:16] install.INFO: step: install-system-checks | messages: no messages [] []
[2024-06-13 18:28:16] install.INFO: step: install-system-checks | debug: no debug info [] []
[2024-06-13 18:28:16] install.INFO: Running step: create-config [] []
[2024-06-13 18:28:16] install.INFO: step: create-config | status: done [] []
[2024-06-13 18:28:16] install.INFO: step: create-config | messages: [] []
[2024-06-13 18:28:16] install.INFO: Created silent install config: config_si.php [] []
[2024-06-13 18:28:16] install.INFO: step: create-config | debug: no debug info [] []
[2024-06-13 18:28:16] install.INFO: Running step: create-env [] []
[2024-06-13 18:28:16] install.INFO: step: create-env | status: done [] []
[2024-06-13 18:28:16] install.INFO: step: create-env | messages: [] []
[2024-06-13 18:28:16] install.INFO: Created .env.local [] []
[2024-06-13 18:28:16] install.INFO: step: create-env | debug: no debug info [] []
[2024-06-13 18:28:16] install.INFO: Running step: run-legacy-install [] []
[2024-06-13 18:28:46] install.INFO: step: run-legacy-install | status: done [] []
[2024-06-13 18:28:46] install.INFO: step: run-legacy-install | messages: [] []
[2024-06-13 18:28:46] install.INFO: Legacy install successful [] []
[2024-06-13 18:28:46] install.INFO: step: run-legacy-install | debug: no debug info [] []
